Personal Music Library.

Commands are I (insert), S (sort by artist), P (print), Q (quit).

Command --> Song name --> Artist --> Genre --> 
Command --> Song name --> Artist --> Genre --> 
Command --> Song name --> Artist --> Genre --> 
Command --> Song name --> Artist --> Genre --> 
Command --> 
My Personal Music Library: 

Temporary Ground
Jack White
Rock

Psychic Trauma
Cloud Nothings
Punk

Fever
The Black Keys
Blues

Jealous (I Ain't With It)
Chromeo
Dance

Command --> 
My Personal Music Library: 

Jealous (I Ain't With It)
Chromeo
Dance

Psychic Trauma
Cloud Nothings
Punk

Temporary Ground
Jack White
Rock

Fever
The Black Keys
Blues

Command --> 